#
# A fatal error has been detected by the Java Runtime Environment:
#
#  EXCEPTION_ACCESS_VIOLATION (0xc0000005) at pc=0x0000000054e64db2, pid=9000, tid=952
#
# JRE version: Java(TM) SE Runtime Environment (8.0_11-b12) (build 1.8.0_11-b12)
# Java VM: Java HotSpot(TM) 64-Bit Server VM (25.11-b03 mixed mode windows-amd64 compressed oops)
# Problematic frame:
# V  [jvm.dll+0x424db2]
#
# Failed to write core dump. Minidumps are not enabled by default on client versions of Windows
#
# If you would like to submit a bug report, please visit:
#   http://bugreport.sun.com/bugreport/crash.jsp
#

---------------  T H R E A D  ---------------

Current thread (0x0000000056616000):  JavaThread "C2 CompilerThread0" daemon [_thread_in_native, id=952, stack(0x0000000057d40000,0x0000000057e40000)]

siginfo: ExceptionCode=0xc0000005, reading address 0x0000000000000000

Registers:
RAX=0x0000000058a646b8, RBX=0x0000000000000600, RCX=0x0000000000000000, RDX=0x00000000584b0e50
RSP=0x0000000057e3c3f0, RBP=0x00000000000000c0, RSI=0x00000000000000b8, RDI=0x0000000000000000
R8 =0x0000000054a40000, R9 =0x0000000057e3c710, R10=0x00000000ffffffff, R11=0x0000000056632d90
R12=0x0000000058a64dc0, R13=0x000000005c337198, R14=0x0000000000000008, R15=0x000000005c337198
RIP=0x0000000054e64db2, EFLAGS=0x0000000000010206

Top of Stack: (sp=0x0000000057e3c3f0)
0x0000000057e3c3f0:   00000000000000da 00000000584ac9f0
0x0000000057e3c400:   0000000058a60890 00000000584ac9f0
0x0000000057e3c410:   0000000000000001 0000000000000600
0x0000000057e3c420:   0000000000000180 00000000000000c0
0x0000000057e3c430:   000000005eabf130 00000000566196c0
0x0000000057e3c440:   00000000000006a8 00000000584ac9f0
0x0000000057e3c450:   0000000057e3c710 0000000058a61850
0x0000000057e3c460:   0000000000000020 0000000000000009
0x0000000057e3c470:   0000000058a64d90 00000000000000da
0x0000000057e3c480:   000000005c337198 0000000054e6598d
0x0000000057e3c490:   0000000058a64d90 000000000000001c
0x0000000057e3c4a0:   00000000000000da 0000000057e3c710
0x0000000057e3c4b0:   00000000584b0e50 00000000000000da
0x0000000057e3c4c0:   0000000058a61850 0000000000000020
0x0000000057e3c4d0:   000000005eb7c3b0 0000000057e3ea80
0x0000000057e3c4e0:   000000005eb7c9e0 0000000058a64d90 

Instructions: (pc=0x0000000054e64db2)
0x0000000054e64d92:   c6 48 63 f0 48 03 f1 eb 04 48 83 ce ff 48 8b 84
0x0000000054e64da2:   24 a0 00 00 00 48 8b 40 08 48 8b 3c 03 48 8b cf
0x0000000054e64db2:   48 8b 07 ff 50 28 4c 8d 05 41 b2 bd ff 48 63 50
0x0000000054e64dc2:   10 4c 8b d8 48 8b ca 48 c1 e1 05 42 80 bc 01 c0 


Register to memory mapping:

RAX=0x0000000058a646b8 is an unknown value
RBX=0x0000000000000600 is an unknown value
RCX=0x0000000000000000 is an unknown value
RDX=0x00000000584b0e50 is an unknown value
RSP=0x0000000057e3c3f0 is pointing into the stack for thread: 0x0000000056616000
RBP=0x00000000000000c0 is an unknown value
RSI=0x00000000000000b8 is an unknown value
RDI=0x0000000000000000 is an unknown value
R8 =0x0000000054a40000 is an unknown value
R9 =0x0000000057e3c710 is pointing into the stack for thread: 0x0000000056616000
R10=0x00000000ffffffff is an unknown value
R11=0x0000000056632d90 is an unknown value
R12=0x0000000058a64dc0 is an unknown value
R13=0x000000005c337198 is an unknown value
R14=0x0000000000000008 is an unknown value
R15=0x000000005c337198 is an unknown value


Stack: [0x0000000057d40000,0x0000000057e40000],  sp=0x0000000057e3c3f0,  free space=1008k
Native frames: (J=compiled Java code, j=interpreted, Vv=VM code, C=native code)
V  [jvm.dll+0x424db2]
V  [jvm.dll+0x42598d]
V  [jvm.dll+0x425ecf]
V  [jvm.dll+0x4c5a84]
V  [jvm.dll+0x4415bc]
V  [jvm.dll+0x443a29]
V  [jvm.dll+0x427722]
V  [jvm.dll+0x96982]
V  [jvm.dll+0x97173]
V  [jvm.dll+0x2234b4]
V  [jvm.dll+0x27bcca]
C  [msvcr100.dll+0x21d9f]
C  [msvcr100.dll+0x21e3b]
C  [kernel32.dll+0x159ed]
C  [ntdll.dll+0x2c541]


Current CompileTask:
C2:  11316 5240       4       groovy.lang.MetaClassImpl::findPropertyMethod (356 bytes)


---------------  P R O C E S S  ---------------

Java Threads: ( => current thread )
  0x00000000587ac000 JavaThread "org.hibernate.cache.internal.StandardQueryCache.data" daemon [_thread_blocked, id=8108, stack(0x00000000620d0000,0x00000000621d0000)]
  0x00000000587ab000 JavaThread "org.hibernate.cache.spi.UpdateTimestampsCache.data" daemon [_thread_blocked, id=9776, stack(0x00000000605c0000,0x00000000606c0000)]
  0x00000000587aa800 JavaThread "net.sf.ehcache.CacheManager@4bc6ae44" daemon [_thread_blocked, id=11236, stack(0x0000000060940000,0x0000000060a40000)]
  0x00000000587a9800 JavaThread "PoolCleaner[561028148:1409074398827]" daemon [_thread_blocked, id=8952, stack(0x0000000060ae0000,0x0000000060be0000)]
  0x000000005b2e2000 JavaThread "FileSystemWatcher: files=#96 cl=groovy.lang.GroovyClassLoader@21709c34" daemon [_thread_blocked, id=8244, stack(0x000000005cf00000,0x000000005d000000)]
  0x000000005b4e4000 JavaThread "Thread-4" daemon [_thread_in_native, id=7468, stack(0x000000005d4f0000,0x000000005d5f0000)]
  0x000000005ae79800 JavaThread "localhost-startStop-1" daemon [_thread_in_Java, id=10792, stack(0x000000005d3d0000,0x000000005d4d0000)]
  0x000000005ad17800 JavaThread "Tomcat-startStop-1" daemon [_thread_blocked, id=7224, stack(0x000000005b560000,0x000000005b660000)]
  0x000000005b4eb000 JavaThread "Thread-3" [_thread_in_native, id=1268, stack(0x000000005d030000,0x000000005d130000)]
  0x000000005accd000 JavaThread "Thread-2" [_thread_blocked, id=8788, stack(0x0000000059110000,0x0000000059210000)]
  0x0000000058883800 JavaThread "NonBlockingInputStreamThread" daemon [_thread_blocked, id=10956, stack(0x0000000059270000,0x0000000059370000)]
  0x000000005677f800 JavaThread "Service Thread" daemon [_thread_blocked, id=7040, stack(0x0000000058330000,0x0000000058430000)]
  0x0000000056622000 JavaThread "C1 CompilerThread3" daemon [_thread_blocked, id=10580, stack(0x0000000058090000,0x0000000058190000)]
  0x0000000056613000 JavaThread "C2 CompilerThread2" daemon [_thread_in_native, id=1824, stack(0x0000000057a40000,0x0000000057b40000)]
  0x0000000056612000 JavaThread "C2 CompilerThread1" daemon [_thread_in_native, id=3684, stack(0x0000000057f30000,0x0000000058030000)]
=>0x0000000056616000 JavaThread "C2 CompilerThread0" daemon [_thread_in_native, id=952, stack(0x0000000057d40000,0x0000000057e40000)]
  0x0000000056515000 JavaThread "Attach Listener" daemon [_thread_blocked, id=5180, stack(0x0000000057bc0000,0x0000000057cc0000)]
  0x0000000056514000 JavaThread "Signal Dispatcher" daemon [_thread_blocked, id=6820, stack(0x0000000057910000,0x0000000057a10000)]
  0x0000000055460800 JavaThread "Finalizer" daemon [_thread_blocked, id=10252, stack(0x0000000057790000,0x0000000057890000)]
  0x0000000055456000 JavaThread "Reference Handler" daemon [_thread_blocked, id=8092, stack(0x0000000057570000,0x0000000057670000)]
  0x0000000001f2f800 JavaThread "main" [_thread_blocked, id=10144, stack(0x0000000002130000,0x0000000002230000)]

Other Threads:
  0x000000005544f800 VMThread [stack: 0x0000000057440000,0x0000000057540000] [id=8572]
  0x0000000056781800 WatcherThread [stack: 0x00000000581d0000,0x00000000582d0000] [id=6172]

VM state:not at safepoint (normal execution)

VM Mutex/Monitor currently owned by a thread: None

Heap:
 PSYoungGen      total 235008K, used 30156K [0x00000000f0000000, 0x0000000100000000, 0x0000000100000000)
  eden space 224256K, 12% used [0x00000000f0000000,0x00000000f1b76ab0,0x00000000fdb00000)
  from space 10752K, 18% used [0x00000000ff580000,0x00000000ff77c568,0x0000000100000000)
  to   space 18944K, 0% used [0x00000000fdb00000,0x00000000fdb00000,0x00000000fed80000)
 ParOldGen       total 103936K, used 85234K [0x00000000d0000000, 0x00000000d6580000, 0x00000000f0000000)
  object space 103936K, 82% used [0x00000000d0000000,0x00000000d533cbc8,0x00000000d6580000)
 Metaspace       used 55032K, capacity 56378K, committed 56448K, reserved 1099776K
  class space    used 6347K, capacity 6769K, committed 6784K, reserved 1048576K

Card table byte_map: [0x0000000002500000,0x0000000002690000] byte_map_base: 0x0000000001e80000

Marking Bits: (ParMarkBitMap*) 0x00000000551f12b0
 Begin Bits: [0x0000000012860000, 0x0000000013460000)
 End Bits:   [0x0000000013460000, 0x0000000014060000)

Polling page: 0x0000000000210000

CodeCache: size=245760Kb used=18514Kb max_used=18675Kb free=227245Kb
 bounds [0x00000000026c0000, 0x0000000003910000, 0x00000000116c0000]
 total_blobs=5458 nmethods=4685 adapters=684
 compilation: enabled

Compilation events (10 events):
Event: 11.291 Thread 0x0000000056622000 5242       2       grails.util.GrailsNameUtils::getPropertyNameRepresentation (107 bytes)
Event: 11.292 Thread 0x0000000056622000 nmethod 5242 0x000000000284ea50 code [0x000000000284ece0, 0x000000000284f4f8]
Event: 11.296 Thread 0x0000000056622000 5244       2       org.codehaus.groovy.reflection.ParameterTypes::isValidMethod (79 bytes)
Event: 11.296 Thread 0x0000000056622000 nmethod 5244 0x0000000002f44250 code [0x0000000002f443e0, 0x0000000002f44688]
Event: 11.298 Thread 0x0000000056622000 5245       2       groovy.lang.MetaClassImpl::findMatchingMethod (93 bytes)
Event: 11.298 Thread 0x0000000056622000 nmethod 5245 0x0000000002e91850 code [0x0000000002e919e0, 0x0000000002e91d18]
Event: 11.301 Thread 0x0000000056622000 5246   !   2       org.codehaus.groovy.runtime.callsite.PogoMetaClassSite::callCurrent (92 bytes)
Event: 11.302 Thread 0x0000000056622000 nmethod 5246 0x00000000029398d0 code [0x0000000002939ac0, 0x0000000002939f78]
Event: 11.302 Thread 0x0000000056622000 5247       2       org.codehaus.groovy.reflection.ParameterTypes::correctArguments (79 bytes)
Event: 11.303 Thread 0x0000000056622000 nmethod 5247 0x0000000003088bd0 code [0x0000000003088d80, 0x0000000003089168]

GC Heap History (10 events):
Event: 8.507 GC heap before
{Heap before GC invocations=51 (full 5):
 PSYoungGen      total 248320K, used 240364K [0x00000000f0000000, 0x0000000100000000, 0x0000000100000000)
  eden space 239616K, 97% used [0x00000000f0000000,0x00000000fe42d748,0x00000000fea00000)
  from space 8704K, 77% used [0x00000000fea00000,0x00000000ff08da18,0x00000000ff280000)
  to   space 9216K, 0% used [0x00000000ff700000,0x00000000ff700000,0x0000000100000000)
 ParOldGen       total 70656K, used 57200K [0x00000000d0000000, 0x00000000d4500000, 0x00000000f0000000)
  object space 70656K, 80% used [0x00000000d0000000,0x00000000d37dc070,0x00000000d4500000)
 Metaspace       used 51202K, capacity 52448K, committed 52608K, reserved 1095680K
  class space    used 5861K, capacity 6239K, committed 6272K, reserved 1048576K
Event: 8.524 GC heap after
Heap after GC invocations=51 (full 5):
 PSYoungGen      total 249856K, used 9200K [0x00000000f0000000, 0x0000000100000000, 0x0000000100000000)
  eden space 240640K, 0% used [0x00000000f0000000,0x00000000f0000000,0x00000000feb00000)
  from space 9216K, 99% used [0x00000000ff700000,0x00000000ffffc140,0x0000000100000000)
  to   space 10752K, 0% used [0x00000000feb00000,0x00000000feb00000,0x00000000ff580000)
 ParOldGen       total 70656K, used 58108K [0x00000000d0000000, 0x00000000d4500000, 0x00000000f0000000)
  object space 70656K, 82% used [0x00000000d0000000,0x00000000d38bf018,0x00000000d4500000)
 Metaspace       used 51202K, capacity 52448K, committed 52608K, reserved 1095680K
  class space    used 5861K, capacity 6239K, committed 6272K, reserved 1048576K
}
Event: 9.236 GC heap before
{Heap before GC invocations=52 (full 5):
 PSYoungGen      total 249856K, used 249840K [0x00000000f0000000, 0x0000000100000000, 0x0000000100000000)
  eden space 240640K, 100% used [0x00000000f0000000,0x00000000feb00000,0x00000000feb00000)
  from space 9216K, 99% used [0x00000000ff700000,0x00000000ffffc140,0x0000000100000000)
  to   space 10752K, 0% used [0x00000000feb00000,0x00000000feb00000,0x00000000ff580000)
 ParOldGen       total 70656K, used 58108K [0x00000000d0000000, 0x00000000d4500000, 0x00000000f0000000)
  object space 70656K, 82% used [0x00000000d0000000,0x00000000d38bf018,0x00000000d4500000)
 Metaspace       used 52319K, capacity 53608K, committed 53888K, reserved 1097728K
  class space    used 6000K, capacity 6421K, committed 6528K, reserved 1048576K
Event: 9.249 GC heap after
Heap after GC invocations=52 (full 5):
 PSYoungGen      total 251392K, used 10720K [0x00000000f0000000, 0x0000000100000000, 0x0000000100000000)
  eden space 240640K, 0% used [0x00000000f0000000,0x00000000f0000000,0x00000000feb00000)
  from space 10752K, 99% used [0x00000000feb00000,0x00000000ff578020,0x00000000ff580000)
  to   space 10752K, 0% used [0x00000000ff580000,0x00000000ff580000,0x0000000100000000)
 ParOldGen       total 70656K, used 65389K [0x00000000d0000000, 0x00000000d4500000, 0x00000000f0000000)
  object space 70656K, 92% used [0x00000000d0000000,0x00000000d3fdb5b0,0x00000000d4500000)
 Metaspace       used 52319K, capacity 53608K, committed 53888K, reserved 1097728K
  class space    used 6000K, capacity 6421K, committed 6528K, reserved 1048576K
}
Event: 9.249 GC heap before
{Heap before GC invocations=53 (full 6):
 PSYoungGen      total 251392K, used 10720K [0x00000000f0000000, 0x0000000100000000, 0x0000000100000000)
  eden space 240640K, 0% used [0x00000000f0000000,0x00000000f0000000,0x00000000feb00000)
  from space 10752K, 99% used [0x00000000feb00000,0x00000000ff578020,0x00000000ff580000)
  to   space 10752K, 0% used [0x00000000ff580000,0x00000000ff580000,0x0000000100000000)
 ParOldGen       total 70656K, used 65389K [0x00000000d0000000, 0x00000000d4500000, 0x00000000f0000000)
  object space 70656K, 92% used [0x00000000d0000000,0x00000000d3fdb5b0,0x00000000d4500000)
 Metaspace       used 52319K, capacity 53608K, committed 53888K, reserved 1097728K
  class space    used 6000K, capacity 6421K, committed 6528K, reserved 1048576K
Event: 9.929 GC heap after
Heap after GC invocations=53 (full 6):
 PSYoungGen      total 251392K, used 3541K [0x00000000f0000000, 0x0000000100000000, 0x0000000100000000)
  eden space 240640K, 0% used [0x00000000f0000000,0x00000000f0000000,0x00000000feb00000)
  from space 10752K, 32% used [0x00000000feb00000,0x00000000fee75798,0x00000000ff580000)
  to   space 10752K, 0% used [0x00000000ff580000,0x00000000ff580000,0x0000000100000000)
 ParOldGen       total 85504K, used 70238K [0x00000000d0000000, 0x00000000d5380000, 0x00000000f0000000)
  object space 85504K, 82% used [0x00000000d0000000,0x00000000d4497920,0x00000000d5380000)
 Metaspace       used 52319K, capacity 53608K, committed 53888K, reserved 1097728K
  class space    used 6000K, capacity 6421K, committed 6528K, reserved 1048576K
}
Event: 10.781 GC heap before
{Heap before GC invocations=54 (full 6):
 PSYoungGen      total 251392K, used 244181K [0x00000000f0000000, 0x0000000100000000, 0x0000000100000000)
  eden space 240640K, 100% used [0x00000000f0000000,0x00000000feb00000,0x00000000feb00000)
  from space 10752K, 32% used [0x00000000feb00000,0x00000000fee75798,0x00000000ff580000)
  to   space 10752K, 0% used [0x00000000ff580000,0x00000000ff580000,0x0000000100000000)
 ParOldGen       total 85504K, used 70238K [0x00000000d0000000, 0x00000000d5380000, 0x00000000f0000000)
  object space 85504K, 82% used [0x00000000d0000000,0x00000000d4497920,0x00000000d5380000)
 Metaspace       used 54867K, capacity 56188K, committed 56448K, reserved 1099776K
  class space    used 6313K, capacity 6747K, committed 6784K, reserved 1048576K
Event: 10.798 GC heap after
Heap after GC invocations=54 (full 6):
 PSYoungGen      total 235008K, used 10752K [0x00000000f0000000, 0x0000000100000000, 0x0000000100000000)
  eden space 224256K, 0% used [0x00000000f0000000,0x00000000f0000000,0x00000000fdb00000)
  from space 10752K, 100% used [0x00000000ff580000,0x0000000100000000,0x0000000100000000)
  to   space 18944K, 0% used [0x00000000fdb00000,0x00000000fdb00000,0x00000000fed80000)
 ParOldGen       total 85504K, used 77695K [0x00000000d0000000, 0x00000000d5380000, 0x00000000f0000000)
  object space 85504K, 90% used [0x00000000d0000000,0x00000000d4bdfc70,0x00000000d5380000)
 Metaspace       used 54867K, capacity 56188K, committed 56448K, reserved 1099776K
  class space    used 6313K, capacity 6747K, committed 6784K, reserved 1048576K
}
Event: 10.798 GC heap before
{Heap before GC invocations=55 (full 7):
 PSYoungGen      total 235008K, used 10752K [0x00000000f0000000, 0x0000000100000000, 0x0000000100000000)
  eden space 224256K, 0% used [0x00000000f0000000,0x00000000f0000000,0x00000000fdb00000)
  from space 10752K, 100% used [0x00000000ff580000,0x0000000100000000,0x0000000100000000)
  to   space 18944K, 0% used [0x00000000fdb00000,0x00000000fdb00000,0x00000000fed80000)
 ParOldGen       total 85504K, used 77695K [0x00000000d0000000, 0x00000000d5380000, 0x00000000f0000000)
  object space 85504K, 90% used [0x00000000d0000000,0x00000000d4bdfc70,0x00000000d5380000)
 Metaspace       used 54867K, capacity 56188K, committed 56448K, reserved 1099776K
  class space    used 6313K, capacity 6747K, committed 6784K, reserved 1048576K
Event: 11.231 GC heap after
Heap after GC invocations=55 (full 7):
 PSYoungGen      total 235008K, used 2033K [0x00000000f0000000, 0x0000000100000000, 0x0000000100000000)
  eden space 224256K, 0% used [0x00000000f0000000,0x00000000f0000000,0x00000000fdb00000)
  from space 10752K, 18% used [0x00000000ff580000,0x00000000ff77c568,0x0000000100000000)
  to   space 18944K, 0% used [0x00000000fdb00000,0x00000000fdb00000,0x00000000fed80000)
 ParOldGen       total 103936K, used 85234K [0x00000000d0000000, 0x00000000d6580000, 0x00000000f0000000)
  object space 103936K, 82% used [0x00000000d0000000,0x00000000d533cbc8,0x00000000d6580000)
 Metaspace       used 54867K, capacity 56188K, committed 56448K, reserved 1099776K
  class space    used 6313K, capacity 6747K, committed 6784K, reserved 1048576K
}

Deoptimization events (10 events):
Event: 8.533 Thread 0x000000005ae79800 Uncommon trap: reason=class_check action=maybe_recompile pc=0x0000000002bcabf0 method=org.springframework.core.ResolvableType.getSource()Ljava/lang/Object; @ 11
Event: 8.533 Thread 0x000000005ae79800 Uncommon trap: reason=class_check action=maybe_recompile pc=0x0000000002bcabf0 method=org.springframework.core.ResolvableType.getSource()Ljava/lang/Object; @ 11
Event: 8.582 Thread 0x000000005ae79800 Uncommon trap: reason=unreached action=reinterpret pc=0x00000000028c0670 method=java.lang.reflect.Method.equals(Ljava/lang/Object;)Z @ 1
Event: 8.623 Thread 0x000000005ae79800 Uncommon trap: reason=null_check action=make_not_entrant pc=0x000000000347b5f0 method=java.lang.Class.getMethod0(Ljava/lang/String;[Ljava/lang/Class;Z)Ljava/lang/reflect/Method; @ 35
Event: 8.676 Thread 0x000000005ae79800 Uncommon trap: reason=unreached action=reinterpret pc=0x00000000036b10a8 method=org.codehaus.groovy.runtime.metaclass.MetaMethodIndex.isNonRealMethod(Lgroovy/lang/MetaMethod;)Z @ 4
Event: 8.739 Thread 0x000000005ae79800 Uncommon trap: reason=bimorphic action=maybe_recompile pc=0x00000000033c8bd4 method=groovy.lang.MetaMethod.getMopName()Ljava/lang/String; @ 8
Event: 8.739 Thread 0x000000005ae79800 Uncommon trap: reason=bimorphic action=maybe_recompile pc=0x00000000036c0210 method=groovy.lang.MetaClassImpl$1MOPIter.methodNameAction(Ljava/lang/Class;Lorg/codehaus/groovy/runtime/metaclass/MetaMethodIndex$Entry;)V @ 62
Event: 8.739 Thread 0x000000005ae79800 Uncommon trap: reason=bimorphic action=maybe_recompile pc=0x00000000036c0210 method=groovy.lang.MetaClassImpl$1MOPIter.methodNameAction(Ljava/lang/Class;Lorg/codehaus/groovy/runtime/metaclass/MetaMethodIndex$Entry;)V @ 62
Event: 8.739 Thread 0x000000005ae79800 Uncommon trap: reason=bimorphic action=maybe_recompile pc=0x00000000036c0210 method=groovy.lang.MetaClassImpl$1MOPIter.methodNameAction(Ljava/lang/Class;Lorg/codehaus/groovy/runtime/metaclass/MetaMethodIndex$Entry;)V @ 62
Event: 10.136 Thread 0x000000005ae79800 Uncommon trap: reason=unreached action=reinterpret pc=0x0000000002d0c4b0 method=org.codehaus.groovy.runtime.metaclass.MetaMethodIndex.getMethods(Ljava/lang/Class;Ljava/lang/String;)Lorg/codehaus/groovy/runtime/metaclass/MetaMethodIndex$Entry; @ 61

Internal exceptions (10 events):
Event: 11.302 Thread 0x000000005ae79800 Exception <a 'java/security/PrivilegedActionException'> (0x00000000f17bdb18) thrown at [C:\re\workspace\8-2-build-windows-amd64-cygwin\jdk8u11\648\hotspot\src\share\vm\prims\jvm.cpp, line 1248]
Event: 11.302 Thread 0x000000005ae79800 Exception <a 'java/security/PrivilegedActionException'> (0x00000000f17c7db0) thrown at [C:\re\workspace\8-2-build-windows-amd64-cygwin\jdk8u11\648\hotspot\src\share\vm\prims\jvm.cpp, line 1248]
Event: 11.302 Thread 0x000000005ae79800 Exception <a 'java/security/PrivilegedActionException'> (0x00000000f17cb7d8) thrown at [C:\re\workspace\8-2-build-windows-amd64-cygwin\jdk8u11\648\hotspot\src\share\vm\prims\jvm.cpp, line 1248]
Event: 11.303 Thread 0x000000005ae79800 Exception <a 'java/security/PrivilegedActionException'> (0x00000000f17d09f0) thrown at [C:\re\workspace\8-2-build-windows-amd64-cygwin\jdk8u11\648\hotspot\src\share\vm\prims\jvm.cpp, line 1248]
Event: 11.303 Thread 0x000000005ae79800 Exception <a 'java/security/PrivilegedActionException'> (0x00000000f17d2cd0) thrown at [C:\re\workspace\8-2-build-windows-amd64-cygwin\jdk8u11\648\hotspot\src\share\vm\prims\jvm.cpp, line 1248]
Event: 11.303 Thread 0x000000005ae79800 Exception <a 'java/security/PrivilegedActionException'> (0x00000000f17d9140) thrown at [C:\re\workspace\8-2-build-windows-amd64-cygwin\jdk8u11\648\hotspot\src\share\vm\prims\jvm.cpp, line 1248]
Event: 11.303 Thread 0x000000005ae79800 Exception <a 'java/security/PrivilegedActionException'> (0x00000000f17db970) thrown at [C:\re\workspace\8-2-build-windows-amd64-cygwin\jdk8u11\648\hotspot\src\share\vm\prims\jvm.cpp, line 1248]
Event: 11.304 Thread 0x000000005ae79800 Exception <a 'java/security/PrivilegedActionException'> (0x00000000f17e9408) thrown at [C:\re\workspace\8-2-build-windows-amd64-cygwin\jdk8u11\648\hotspot\src\share\vm\prims\jvm.cpp, line 1248]
Event: 11.304 Thread 0x000000005ae79800 Exception <a 'java/security/PrivilegedActionException'> (0x00000000f17ebd18) thrown at [C:\re\workspace\8-2-build-windows-amd64-cygwin\jdk8u11\648\hotspot\src\share\vm\prims\jvm.cpp, line 1248]
Event: 11.304 Thread 0x000000005ae79800 Exception <a 'java/security/PrivilegedActionException'> (0x00000000f17f5eb8) thrown at [C:\re\workspace\8-2-build-windows-amd64-cygwin\jdk8u11\648\hotspot\src\share\vm\prims\jvm.cpp, line 1248]

Events (10 events):
Event: 11.302 loading class grails/async/Promises
Event: 11.302 loading class grails/async/Promises done
Event: 11.302 loading class groovy/runtime/metaclass/grails/async/PromisesMetaClass
Event: 11.302 loading class groovy/runtime/metaclass/grails/async/PromisesMetaClass done
Event: 11.303 loading class grails/async/Promise
Event: 11.303 loading class grails/async/Promise done
Event: 11.303 loading class grails/async/PromiseFactory
Event: 11.303 loading class grails/async/PromiseFactory done
Event: 11.303 loading class grails/async/PromisesBeanInfo
Event: 11.303 loading class grails/async/PromisesBeanInfo done


Dynamic libraries:
0x000000013f2b0000 - 0x000000013f2e4000 	C:\Program Files\Java\jdk1.8.0_11\bin\java.exe
0x0000000076e60000 - 0x0000000077009000 	C:\Windows\SYSTEM32\ntdll.dll
0x0000000076c40000 - 0x0000000076d5f000 	C:\Windows\system32\kernel32.dll
0x000007fefcfc0000 - 0x000007fefd02c000 	C:\Windows\system32\KERNELBASE.dll
0x000007fefd030000 - 0x000007fefd10b000 	C:\Windows\system32\ADVAPI32.dll
0x000007fefd900000 - 0x000007fefd99f000 	C:\Windows\system32\msvcrt.dll
0x000007fefd710000 - 0x000007fefd72f000 	C:\Windows\SYSTEM32\sechost.dll
0x000007feff040000 - 0x000007feff16d000 	C:\Windows\system32\RPCRT4.dll
0x0000000076d60000 - 0x0000000076e5a000 	C:\Windows\system32\USER32.dll
0x000007fefefb0000 - 0x000007feff017000 	C:\Windows\system32\GDI32.dll
0x000007fefdb90000 - 0x000007fefdb9e000 	C:\Windows\system32\LPK.dll
0x000007fefd110000 - 0x000007fefd1d9000 	C:\Windows\system32\USP10.dll
0x000007fefb2b0000 - 0x000007fefb4a4000 	C:\Windows\WinSxS\amd64_microsoft.windows.common-controls_6595b64144ccf1df_6.0.7601.17514_none_fa396087175ac9ac\COMCTL32.dll
0x000007fefd480000 - 0x000007fefd4f1000 	C:\Windows\system32\SHLWAPI.dll
0x000007fefd730000 - 0x000007fefd75e000 	C:\Windows\system32\IMM32.DLL
0x000007fefd9a0000 - 0x000007fefdaa9000 	C:\Windows\system32\MSCTF.dll
0x000000005bb80000 - 0x000000005bc52000 	C:\Program Files\Java\jdk1.8.0_11\jre\bin\msvcr100.dll
0x0000000054a40000 - 0x000000005526a000 	C:\Program Files\Java\jdk1.8.0_11\jre\bin\server\jvm.dll
0x000007fefc0f0000 - 0x000007fefc0f9000 	C:\Windows\system32\WSOCK32.dll
0x000007fefd760000 - 0x000007fefd7ad000 	C:\Windows\system32\WS2_32.dll
0x000007fefd7b0000 - 0x000007fefd7b8000 	C:\Windows\system32\NSI.dll
0x000007fefa890000 - 0x000007fefa8cb000 	C:\Windows\system32\WINMM.dll
0x0000000077030000 - 0x0000000077037000 	C:\Windows\system32\PSAPI.DLL
0x000000005d640000 - 0x000000005d64f000 	C:\Program Files\Java\jdk1.8.0_11\jre\bin\verify.dll
0x000000005bed0000 - 0x000000005bef8000 	C:\Program Files\Java\jdk1.8.0_11\jre\bin\java.dll
0x000000005bb00000 - 0x000000005bb23000 	C:\Program Files\Java\jdk1.8.0_11\jre\bin\instrument.dll
0x000000005beb0000 - 0x000000005bec6000 	C:\Program Files\Java\jdk1.8.0_11\jre\bin\zip.dll
0x000007fefdba0000 - 0x000007fefe928000 	C:\Windows\system32\SHELL32.dll
0x000007fefd500000 - 0x000007fefd703000 	C:\Windows\system32\ole32.dll
0x000007fefcc80000 - 0x000007fefcc8f000 	C:\Windows\system32\profapi.dll
0x000007fefc4b0000 - 0x000007fefc4c7000 	C:\Windows\system32\CRYPTSP.dll
0x000007fefc1b0000 - 0x000007fefc1f7000 	C:\Windows\system32\rsaenh.dll
0x000007fefcf80000 - 0x000007fefcf9e000 	C:\Windows\system32\USERENV.dll
0x000007fefcb10000 - 0x000007fefcb1f000 	C:\Windows\system32\CRYPTBASE.dll
0x000000005be90000 - 0x000000005beaa000 	C:\Program Files\Java\jdk1.8.0_11\jre\bin\net.dll
0x000007fefc450000 - 0x000007fefc4a5000 	C:\Windows\system32\mswsock.dll
0x000007fefc440000 - 0x000007fefc447000 	C:\Windows\System32\wship6.dll
0x000007fefa810000 - 0x000007fefa837000 	C:\Windows\system32\IPHLPAPI.DLL
0x000007fefa850000 - 0x000007fefa85b000 	C:\Windows\system32\WINNSI.DLL
0x000007fefa690000 - 0x000007fefa6a1000 	C:\Windows\system32\dhcpcsvc6.DLL
0x000007fefa670000 - 0x000007fefa688000 	C:\Windows\system32\dhcpcsvc.DLL
0x000000005bb60000 - 0x000000005bb71000 	C:\Program Files\Java\jdk1.8.0_11\jre\bin\nio.dll
0x000007fefa300000 - 0x000007fefa30a000 	C:\Users\CHAVIRA\AppData\Local\Temp\jansi-64-7235496805814232741.dll
0x000000005d630000 - 0x000000005d63d000 	C:\Program Files\Java\jdk1.8.0_11\jre\bin\management.dll
0x000007fefbcb0000 - 0x000007fefbcb7000 	C:\Windows\System32\wshtcpip.dll
0x000007fefc2d0000 - 0x000007fefc32b000 	C:\Windows\system32\DNSAPI.dll
0x000007fef8160000 - 0x000007fef8168000 	C:\Windows\system32\rasadhlp.dll
0x000007fefa7a0000 - 0x000007fefa7f3000 	C:\Windows\System32\fwpuclnt.dll
0x000007fefab30000 - 0x000007fefab45000 	C:\Windows\system32\NLAapi.dll
0x000007fef8530000 - 0x000007fef8545000 	C:\Windows\system32\napinsp.dll
0x000007fef8510000 - 0x000007fef8529000 	C:\Windows\system32\pnrpnsp.dll
0x000007fef8500000 - 0x000007fef850b000 	C:\Windows\System32\winrnr.dll
0x000007fee6940000 - 0x000007fee6a65000 	C:\Windows\system32\dbghelp.dll

VM Arguments:
jvm_args: -Dfile.encoding=UTF-8 -Xmx768M -Xms64M -Dgrails.fork.parent.process.port=63897 -Dgrails.fork.active=true -Dgrails.build.execution.context=C:\Users\CHAVIRA\AppData\Local\Temp\MyGym6028766475326272116grails-execution-context -Dgrails.home=C:\ggts-bundle\grails-2.4.2 -javaagent:C:\ggts-bundle\grails-2.4.2\lib\org.springframework\springloaded\jars\springloaded-1.2.0.RELEASE.jar -Xverify:none -Dspringloaded.synchronize=true -Djdk.reflect.allowGetCallerClass=true -Dspringloaded=profile=grails;cacheDir=C:\Users\CHAVIRA\.grails\2.4.2 
java_command: org.grails.plugins.tomcat.fork.ForkedTomcatServer
java_class_path (initial): C:\Program Files\Java\jdk1.8.0_11\lib\tools.jar;C:\ggts-bundle\grails-2.4.2\lib\org.codehaus.groovy\groovy-all\jars\groovy-all-2.3.3.jar;C:\ggts-bundle\grails-2.4.2\lib\org.slf4j\jcl-over-slf4j\jars\jcl-over-slf4j-1.7.5.jar;C:\ggts-bundle\grails-2.4.2\lib\org.codehaus.gant\gant_groovy1.8\jars\gant_groovy1.8-1.9.6.jar;C:\ggts-bundle\grails-2.4.2\lib\org.apache.tomcat.embed\tomcat-embed-logging-log4j\jars\tomcat-embed-logging-log4j-7.0.50.jar;C:\ggts-bundle\grails-2.4.2\dist\grails-plugin-log4j-2.4.2.jar;C:\ggts-bundle\grails-2.4.2\lib\log4j\log4j\jars\log4j-1.2.17.jar;C:\ggts-bundle\grails-2.4.2\dist\grails-bootstrap-2.4.2.jar;C:\ggts-bundle\grails-2.4.2\lib\org.slf4j\slf4j-api\jars\slf4j-api-1.7.5.jar;C:\ggts-bundle\grails-2.4.2\lib\jline\jline\jars\jline-2.12.jar;C:\ggts-bundle\grails-2.4.2\lib\org.apache.ant\ant\jars\ant-1.8.4.jar;C:\ggts-bundle\grails-2.4.2\lib\org.apache.ant\ant-launcher\jars\ant-launcher-1.8.4.jar;C:\ggts-bundle\grails-2.4.2\lib\org.apache.ant\ant-trax\jars\ant-trax-1.7.1.jar;C:\ggts-bundle\grails-2.4.2\lib\org.apache.ant\ant-junit\jars\ant-junit-1.8.4.jar;C:\ggts-bundle\grails-2.4.2\lib\org.apache.ivy\ivy\jars\ivy-2.3.0.jar;C:\ggts-bundle\grails-2.4.2\lib\org.fusesource.jansi\jansi\jars\jansi-1.11.jar;C:\Users\CHAVIRA\.m2\repository\org\apache\tomcat\embed\tomcat-embed-logging-log4j\7.0.53\tomcat-embed-logging-log4j-7.0.53.jar;C:\Users\CHAVIRA\.m2\repository\org\eclipse\jdt\core\compiler\ecj\3.7.2\ecj-3.7.2.jar;C:\Users\CHAVIRA\.m2\repository\org\apache\tomcat\embed\tomcat-embed-websocket\7.0.53\tomcat-embed-websocket-7.0.53.jar;C:\Users\CHAVIRA\.m2\repository\org\apache\tomcat\embed\tomcat-embed-jasper\7.0.53\tomcat-embed-jasper-7.0.53.jar;C:\Users\CHAVIRA\.m2\repository\org\apache\tomcat\tomcat-catalina-ant\7.0.53\tomcat-catalina-ant-7.0.53.jar;C:\Users\CHAVIRA\.m2\repository\org\apache\tomcat\embed\tomcat-embed-core\7.0.53\tomcat-embed-core-7.0.53.jar;C:\Grails_Workspace1.0\MyGym\target\work\plugins\tomcat-7.0.5
Launcher Type: SUN_STANDARD

Environment Variables:
JAVA_HOME=C:\Program Files\Java\jdk1.8.0_11
PATH=C:\Program Files (x86)\Intel\iCLS Client\;C:\Program Files\Intel\iCLS Client\;c:\Program Files (x86)\AMD APP\bin\x86_64;c:\Program Files (x86)\AMD APP\bin\x86;C:\Windows\system32;C:\Windows;C:\Windows\System32\Wbem;C:\Windows\System32\WindowsPowerShell\v1.0\;c:\Program Files (x86)\ATI Technologies\ATI.ACE\Core-Static;C:\Program Files\Intel\Intel(R) Management Engine Components\DAL;C:\Program Files\Intel\Intel(R) Management Engine Components\IPT;C:\Program Files (x86)\Intel\Intel(R) Management Engine Components\DAL;C:\Program Files (x86)\Intel\Intel(R) Management Engine Components\IPT;C:\Program Files\Dell\Dell Data Protection\Access\Advanced\Wave\Gemalto\Access Client\v5\;C:\Program Files (x86)\Security Innovation\SI TSS\bin\;JAVA_HOME\bin;C:\Program Files\grails-2.4.3\bin;C:\xampp\mysql\bin;C:\Program Files (x86)\QuickTime\QTSystem\;C:\Program Files (x86)\Sophos\Sophos SSL VPN Client\bin
USERNAME=CHAVIRA
OS=Windows_NT
PROCESSOR_IDENTIFIER=Intel64 Family 6 Model 58 Stepping 9, GenuineIntel



---------------  S Y S T E M  ---------------

OS: Windows 7 , 64 bit Build 7601 Service Pack 1

CPU:total 8 (4 cores per cpu, 2 threads per core) family 6 model 58 stepping 9, cmov, cx8, fxsr, mmx, sse, sse2, sse3, ssse3, sse4.1, sse4.2, popcnt, avx, aes, clmul, erms, ht, tsc, tscinvbit

Memory: 4k page, physical 8342068k(2460936k free), swap 16532204k(9873072k free)

vm_info: Java HotSpot(TM) 64-Bit Server VM (25.11-b03) for windows-amd64 JRE (1.8.0_11-b12), built on Jun 16 2014 20:57:32 by "java_re" with MS VC++ 10.0 (VS2010)

time: Tue Aug 26 12:33:24 2014
elapsed time: 11 seconds

